<?xml version='1.0'?>
<ns2:test-suite xmlns:ns2='urn:model.allure.qatools.yandex.ru' start='1666866985574' stop='1666867046933'>
    <name>Creating account and approving the account and validating in active customer page</name>
    <title>Creating account and approving the account and validating in active customer page</title>
    <test-cases>
        <test-case start='1666866985576' status='broken' stop='1666866996691'>
            <name>opening application</name>
            <title>opening application</title>
            <labels>
                <label name='language' value='javascript'/>
                <label name='framework' value='wdio'/>
                <label name='thread' value='0-0'/>
            </labels>
            <parameters>
                <parameter kind='argument' name='browser' value='chrome-107.0.5304.63'/>
            </parameters>
            <steps/>
            <attachments>
                <attachment title='Screenshot' source='7e13399a-8ca9-4454-98c4-821845245ddb-attachment.png' type='image/png' size='22297'/>
            </attachments>
            <failure>
                <message>unknown error: net::ERR_NAME_NOT_RESOLVED
                  (Session info: chrome=107.0.5304.63)</message>
                <stack-trace>unknown error: unknown error: net::ERR_NAME_NOT_RESOLVED
                  (Session info: chrome=107.0.5304.63)
                    at getErrorFromResponseBody (E:\Software testing\TestYantra\Java Script\WebDriverIO\node_modules\webdriver\build\utils.js:198:12)
                    at NodeJSRequest._request (E:\Software testing\TestYantra\Java Script\WebDriverIO\node_modules\webdriver\build\request\index.js:166:60)
                    at process.processTicksAndRejections (node:internal/process/task_queues:95:5)
                    at async Browser.wrapCommandFn (E:\Software testing\TestYantra\Java Script\WebDriverIO\node_modules\@wdio\utils\build\shim.js:137:29)
                    at async Browser.wrapCommandFn (E:\Software testing\TestYantra\Java Script\WebDriverIO\node_modules\@wdio\utils\build\shim.js:137:29)
                    at async Context.&lt;anonymous> (E:\Software testing\TestYantra\Java Script\WebDriverIO\test\specs\openandApproveAccount.js:20:9)</stack-trace>
            </failure>
        </test-case>
        <test-case start='1666866996692' status='broken' stop='1666867006874'>
            <name>launching open account page</name>
            <title>launching open account page</title>
            <labels>
                <label name='language' value='javascript'/>
                <label name='framework' value='wdio'/>
                <label name='thread' value='0-0'/>
            </labels>
            <parameters>
                <parameter kind='argument' name='browser' value='chrome-107.0.5304.63'/>
            </parameters>
            <steps/>
            <attachments>
                <attachment title='Screenshot' source='55a0b36e-7321-4b04-8be7-e0d3a96b365d-attachment.png' type='image/png' size='22297'/>
            </attachments>
            <failure>
                <message>Can't call click on element with selector "li=Open Account" because element wasn't found</message>
                <stack-trace>Error: Can't call click on element with selector "li=Open Account" because element wasn't found
                    at implicitWait (E:\Software testing\TestYantra\Java Script\WebDriverIO\node_modules\webdriverio\build\utils\implicitWait.js:34:19)
                    at async Element.elementErrorHandlerCallbackFn (E:\Software testing\TestYantra\Java Script\WebDriverIO\node_modules\webdriverio\build\middlewares.js:20:29)
                    at async Element.wrapCommandFn (E:\Software testing\TestYantra\Java Script\WebDriverIO\node_modules\@wdio\utils\build\shim.js:137:29)
                    at async Context.&lt;anonymous> (E:\Software testing\TestYantra\Java Script\WebDriverIO\test\specs\openandApproveAccount.js:26:9)</stack-trace>
            </failure>
        </test-case>
        <test-case start='1666867006875' status='broken' stop='1666867016995'>
            <name>Filling open Account details</name>
            <title>Filling open Account details</title>
            <labels>
                <label name='language' value='javascript'/>
                <label name='framework' value='wdio'/>
                <label name='thread' value='0-0'/>
            </labels>
            <parameters>
                <parameter kind='argument' name='browser' value='chrome-107.0.5304.63'/>
            </parameters>
            <steps/>
            <attachments>
                <attachment title='Screenshot' source='597466b7-c99c-4f58-83ac-3afb0282a154-attachment.png' type='image/png' size='22297'/>
            </attachments>
            <failure>
                <message>Can't call setValue on element with selector "[name="name"]" because element wasn't found</message>
                <stack-trace>Error: Can't call setValue on element with selector "[name="name"]" because element wasn't found
                    at implicitWait (E:\Software testing\TestYantra\Java Script\WebDriverIO\node_modules\webdriverio\build\utils\implicitWait.js:34:19)
                    at async Element.elementErrorHandlerCallbackFn (E:\Software testing\TestYantra\Java Script\WebDriverIO\node_modules\webdriverio\build\middlewares.js:20:29)
                    at async Element.wrapCommandFn (E:\Software testing\TestYantra\Java Script\WebDriverIO\node_modules\@wdio\utils\build\shim.js:137:29)
                    at async openAccountpage.OpenAccount (E:\Software testing\TestYantra\Java Script\WebDriverIO\test\pageobjects\OpenAccount.page.js:57:9)
                    at async Context.&lt;anonymous> (E:\Software testing\TestYantra\Java Script\WebDriverIO\test\specs\openandApproveAccount.js:34:13)</stack-trace>
            </failure>
        </test-case>
        <test-case start='1666867016996' status='broken' stop='1666867027153'>
            <name>login to manager module</name>
            <title>login to manager module</title>
            <labels>
                <label name='language' value='javascript'/>
                <label name='framework' value='wdio'/>
                <label name='thread' value='0-0'/>
            </labels>
            <parameters>
                <parameter kind='argument' name='browser' value='chrome-107.0.5304.63'/>
            </parameters>
            <steps/>
            <attachments>
                <attachment title='Screenshot' source='ef44ea9c-c89d-4019-81be-76260388137f-attachment.png' type='image/png' size='22297'/>
            </attachments>
            <failure>
                <message>Can't call click on element with selector "=Staff Login" because element wasn't found</message>
                <stack-trace>Error: Can't call click on element with selector "=Staff Login" because element wasn't found
                    at implicitWait (E:\Software testing\TestYantra\Java Script\WebDriverIO\node_modules\webdriverio\build\utils\implicitWait.js:34:19)
                    at async Element.elementErrorHandlerCallbackFn (E:\Software testing\TestYantra\Java Script\WebDriverIO\node_modules\webdriverio\build\middlewares.js:20:29)
                    at async Element.wrapCommandFn (E:\Software testing\TestYantra\Java Script\WebDriverIO\node_modules\@wdio\utils\build\shim.js:137:29)
                    at async Context.&lt;anonymous> (E:\Software testing\TestYantra\Java Script\WebDriverIO\test\specs\openandApproveAccount.js:45:13)</stack-trace>
            </failure>
        </test-case>
        <test-case start='1666867027154' status='broken' stop='1666867036777'>
            <name>approve customer</name>
            <title>approve customer</title>
            <labels>
                <label name='language' value='javascript'/>
                <label name='framework' value='wdio'/>
                <label name='thread' value='0-0'/>
            </labels>
            <parameters>
                <parameter kind='argument' name='browser' value='chrome-107.0.5304.63'/>
            </parameters>
            <steps/>
            <attachments>
                <attachment title='Screenshot' source='49c41de1-6795-4466-b941-1eb46aa2199a-attachment.png' type='image/png' size='22297'/>
            </attachments>
            <failure>
                <message>Can't call click on element with selector "[name="apprvac"]" because element wasn't found</message>
                <stack-trace>Error: Can't call click on element with selector "[name="apprvac"]" because element wasn't found
                    at implicitWait (E:\Software testing\TestYantra\Java Script\WebDriverIO\node_modules\webdriverio\build\utils\implicitWait.js:34:19)
                    at process.processTicksAndRejections (node:internal/process/task_queues:95:5)
                    at async Element.elementErrorHandlerCallbackFn (E:\Software testing\TestYantra\Java Script\WebDriverIO\node_modules\webdriverio\build\middlewares.js:20:29)
                    at async Element.wrapCommandFn (E:\Software testing\TestYantra\Java Script\WebDriverIO\node_modules\@wdio\utils\build\shim.js:137:29)
                    at async Context.&lt;anonymous> (E:\Software testing\TestYantra\Java Script\WebDriverIO\test\specs\openandApproveAccount.js:52:9)</stack-trace>
            </failure>
        </test-case>
        <test-case start='1666867036777' status='broken' stop='1666867046932'>
            <name>validation in active customer page</name>
            <title>validation in active customer page</title>
            <labels>
                <label name='language' value='javascript'/>
                <label name='framework' value='wdio'/>
                <label name='thread' value='0-0'/>
            </labels>
            <parameters>
                <parameter kind='argument' name='browser' value='chrome-107.0.5304.63'/>
            </parameters>
            <steps/>
            <attachments>
                <attachment title='Screenshot' source='3d8aef79-8e86-41bc-9f2a-8978967282ba-attachment.png' type='image/png' size='22297'/>
            </attachments>
            <failure>
                <message>Can't call click on element with selector "[name='home']" because element wasn't found</message>
                <stack-trace>Error: Can't call click on element with selector "[name='home']" because element wasn't found
                    at implicitWait (E:\Software testing\TestYantra\Java Script\WebDriverIO\node_modules\webdriverio\build\utils\implicitWait.js:34:19)
                    at async Element.elementErrorHandlerCallbackFn (E:\Software testing\TestYantra\Java Script\WebDriverIO\node_modules\webdriverio\build\middlewares.js:20:29)
                    at async Element.wrapCommandFn (E:\Software testing\TestYantra\Java Script\WebDriverIO\node_modules\@wdio\utils\build\shim.js:137:29)
                    at async Context.&lt;anonymous> (E:\Software testing\TestYantra\Java Script\WebDriverIO\test\specs\openandApproveAccount.js:63:9)</stack-trace>
            </failure>
        </test-case>
        <test-case start='1666867046933' status='pending' stop='1666867046933'>
            <name>validation in view by accountNo page</name>
            <title>validation in view by accountNo page</title>
            <labels/>
            <parameters/>
            <steps/>
            <attachments/>
            <failure>
                <message>Test ignored</message>
                <stack-trace>undefined</stack-trace>
            </failure>
        </test-case>
    </test-cases>
</ns2:test-suite>