<?xml version='1.0'?>
<ns2:test-suite xmlns:ns2='urn:model.allure.qatools.yandex.ru' start='1666780578909' stop='1666780641329'>
    <name>Creating account and approving the account and validating in active customer page</name>
    <title>Creating account and approving the account and validating in active customer page</title>
    <test-cases>
        <test-case start='1666780578912' status='broken' stop='1666780590209'>
            <name>opening application</name>
            <title>opening application</title>
            <labels>
                <label name='language' value='javascript'/>
                <label name='framework' value='wdio'/>
                <label name='thread' value='0-0'/>
            </labels>
            <parameters>
                <parameter kind='argument' name='browser' value='chrome-107.0.5304.62'/>
            </parameters>
            <steps/>
            <attachments>
                <attachment title='Screenshot' source='a7d1d8d4-c126-44fa-8bf0-03d0bd6b944c-attachment.png' type='image/png' size='22297'/>
            </attachments>
            <failure>
                <message>unknown error: net::ERR_NAME_NOT_RESOLVED
                  (Session info: chrome=107.0.5304.62)</message>
                <stack-trace>unknown error: unknown error: net::ERR_NAME_NOT_RESOLVED
                  (Session info: chrome=107.0.5304.62)
                    at getErrorFromResponseBody (E:\Software testing\TestYantra\Java Script\WebDriverIO\node_modules\webdriver\build\utils.js:198:12)
                    at NodeJSRequest._request (E:\Software testing\TestYantra\Java Script\WebDriverIO\node_modules\webdriver\build\request\index.js:166:60)
                    at process.processTicksAndRejections (node:internal/process/task_queues:95:5)
                    at async Browser.wrapCommandFn (E:\Software testing\TestYantra\Java Script\WebDriverIO\node_modules\@wdio\utils\build\shim.js:137:29)
                    at async Browser.wrapCommandFn (E:\Software testing\TestYantra\Java Script\WebDriverIO\node_modules\@wdio\utils\build\shim.js:137:29)
                    at async Context.&lt;anonymous> (E:\Software testing\TestYantra\Java Script\WebDriverIO\test\specs\openandApproveAccount.js:20:9)</stack-trace>
            </failure>
        </test-case>
        <test-case start='1666780590210' status='broken' stop='1666780600311'>
            <name>launching open account page</name>
            <title>launching open account page</title>
            <labels>
                <label name='language' value='javascript'/>
                <label name='framework' value='wdio'/>
                <label name='thread' value='0-0'/>
            </labels>
            <parameters>
                <parameter kind='argument' name='browser' value='chrome-107.0.5304.62'/>
            </parameters>
            <steps/>
            <attachments>
                <attachment title='Screenshot' source='40836abb-0fc9-47c9-924a-71768228c92a-attachment.png' type='image/png' size='22297'/>
            </attachments>
            <failure>
                <message>Can't call click on element with selector "li=Open Account" because element wasn't found</message>
                <stack-trace>Error: Can't call click on element with selector "li=Open Account" because element wasn't found
                    at implicitWait (E:\Software testing\TestYantra\Java Script\WebDriverIO\node_modules\webdriverio\build\utils\implicitWait.js:34:19)
                    at async Element.elementErrorHandlerCallbackFn (E:\Software testing\TestYantra\Java Script\WebDriverIO\node_modules\webdriverio\build\middlewares.js:20:29)
                    at async Element.wrapCommandFn (E:\Software testing\TestYantra\Java Script\WebDriverIO\node_modules\@wdio\utils\build\shim.js:137:29)
                    at async Context.&lt;anonymous> (E:\Software testing\TestYantra\Java Script\WebDriverIO\test\specs\openandApproveAccount.js:26:9)</stack-trace>
            </failure>
        </test-case>
        <test-case start='1666780600313' status='broken' stop='1666780610464'>
            <name>Filling open Account details</name>
            <title>Filling open Account details</title>
            <labels>
                <label name='language' value='javascript'/>
                <label name='framework' value='wdio'/>
                <label name='thread' value='0-0'/>
            </labels>
            <parameters>
                <parameter kind='argument' name='browser' value='chrome-107.0.5304.62'/>
            </parameters>
            <steps/>
            <attachments>
                <attachment title='Screenshot' source='6c600b16-2d4d-436a-8df5-5ffac1f18a71-attachment.png' type='image/png' size='22297'/>
            </attachments>
            <failure>
                <message>Can't call setValue on element with selector "[name="name"]" because element wasn't found</message>
                <stack-trace>Error: Can't call setValue on element with selector "[name="name"]" because element wasn't found
                    at implicitWait (E:\Software testing\TestYantra\Java Script\WebDriverIO\node_modules\webdriverio\build\utils\implicitWait.js:34:19)
                    at async Element.elementErrorHandlerCallbackFn (E:\Software testing\TestYantra\Java Script\WebDriverIO\node_modules\webdriverio\build\middlewares.js:20:29)
                    at async Element.wrapCommandFn (E:\Software testing\TestYantra\Java Script\WebDriverIO\node_modules\@wdio\utils\build\shim.js:137:29)
                    at async openAccountpage.OpenAccount (E:\Software testing\TestYantra\Java Script\WebDriverIO\test\pageobjects\OpenAccount.page.js:57:9)
                    at async Context.&lt;anonymous> (E:\Software testing\TestYantra\Java Script\WebDriverIO\test\specs\openandApproveAccount.js:34:13)</stack-trace>
            </failure>
        </test-case>
        <test-case start='1666780610465' status='broken' stop='1666780620971'>
            <name>login to manager module</name>
            <title>login to manager module</title>
            <labels>
                <label name='language' value='javascript'/>
                <label name='framework' value='wdio'/>
                <label name='thread' value='0-0'/>
            </labels>
            <parameters>
                <parameter kind='argument' name='browser' value='chrome-107.0.5304.62'/>
            </parameters>
            <steps/>
            <attachments>
                <attachment title='Screenshot' source='5973742f-b23b-4c05-bdf7-84998c5b3d7d-attachment.png' type='image/png' size='22297'/>
            </attachments>
            <failure>
                <message>Can't call click on element with selector "=Staff Login" because element wasn't found</message>
                <stack-trace>Error: Can't call click on element with selector "=Staff Login" because element wasn't found
                    at implicitWait (E:\Software testing\TestYantra\Java Script\WebDriverIO\node_modules\webdriverio\build\utils\implicitWait.js:34:19)
                    at async Element.elementErrorHandlerCallbackFn (E:\Software testing\TestYantra\Java Script\WebDriverIO\node_modules\webdriverio\build\middlewares.js:20:29)
                    at async Element.wrapCommandFn (E:\Software testing\TestYantra\Java Script\WebDriverIO\node_modules\@wdio\utils\build\shim.js:137:29)
                    at async Context.&lt;anonymous> (E:\Software testing\TestYantra\Java Script\WebDriverIO\test\specs\openandApproveAccount.js:45:13)</stack-trace>
            </failure>
        </test-case>
        <test-case start='1666780620972' status='broken' stop='1666780631143'>
            <name>approve customer</name>
            <title>approve customer</title>
            <labels>
                <label name='language' value='javascript'/>
                <label name='framework' value='wdio'/>
                <label name='thread' value='0-0'/>
            </labels>
            <parameters>
                <parameter kind='argument' name='browser' value='chrome-107.0.5304.62'/>
            </parameters>
            <steps/>
            <attachments>
                <attachment title='Screenshot' source='675a645a-4414-45cd-8613-63a18438410e-attachment.png' type='image/png' size='22297'/>
            </attachments>
            <failure>
                <message>Can't call click on element with selector "[name="apprvac"]" because element wasn't found</message>
                <stack-trace>Error: Can't call click on element with selector "[name="apprvac"]" because element wasn't found
                    at implicitWait (E:\Software testing\TestYantra\Java Script\WebDriverIO\node_modules\webdriverio\build\utils\implicitWait.js:34:19)
                    at async Element.elementErrorHandlerCallbackFn (E:\Software testing\TestYantra\Java Script\WebDriverIO\node_modules\webdriverio\build\middlewares.js:20:29)
                    at async Element.wrapCommandFn (E:\Software testing\TestYantra\Java Script\WebDriverIO\node_modules\@wdio\utils\build\shim.js:137:29)
                    at async Context.&lt;anonymous> (E:\Software testing\TestYantra\Java Script\WebDriverIO\test\specs\openandApproveAccount.js:52:9)</stack-trace>
            </failure>
        </test-case>
        <test-case start='1666780631144' status='broken' stop='1666780641328'>
            <name>validation in active customer page</name>
            <title>validation in active customer page</title>
            <labels>
                <label name='language' value='javascript'/>
                <label name='framework' value='wdio'/>
                <label name='thread' value='0-0'/>
            </labels>
            <parameters>
                <parameter kind='argument' name='browser' value='chrome-107.0.5304.62'/>
            </parameters>
            <steps/>
            <attachments>
                <attachment title='Screenshot' source='df33506a-1665-4130-8cb4-cabd670b935a-attachment.png' type='image/png' size='22297'/>
            </attachments>
            <failure>
                <message>Can't call click on element with selector "[name='home']" because element wasn't found</message>
                <stack-trace>Error: Can't call click on element with selector "[name='home']" because element wasn't found
                    at implicitWait (E:\Software testing\TestYantra\Java Script\WebDriverIO\node_modules\webdriverio\build\utils\implicitWait.js:34:19)
                    at async Element.elementErrorHandlerCallbackFn (E:\Software testing\TestYantra\Java Script\WebDriverIO\node_modules\webdriverio\build\middlewares.js:20:29)
                    at async Element.wrapCommandFn (E:\Software testing\TestYantra\Java Script\WebDriverIO\node_modules\@wdio\utils\build\shim.js:137:29)
                    at async Context.&lt;anonymous> (E:\Software testing\TestYantra\Java Script\WebDriverIO\test\specs\openandApproveAccount.js:63:9)</stack-trace>
            </failure>
        </test-case>
        <test-case start='1666780641328' status='pending' stop='1666780641328'>
            <name>validation in view by accountNo page</name>
            <title>validation in view by accountNo page</title>
            <labels/>
            <parameters/>
            <steps/>
            <attachments/>
            <failure>
                <message>Test ignored</message>
                <stack-trace>undefined</stack-trace>
            </failure>
        </test-case>
    </test-cases>
</ns2:test-suite>