{"uid":"2916821cae16b385","name":"Filling open Account details","fullName":"Creating account and approving the account and validating in active customer page.Filling open Account details","historyId":"4ad1b8aec5a6066497acb98aada131f5","time":{"start":1666331481854,"stop":1666331484500,"duration":2646},"description":"","descriptionHtml":"","status":"failed","statusMessage":"Not equal: expected 'Application submitted successfully\\n\\…' to include 'Submitted successfully'      \n                      actual expected\n                      \n                      'Application submitted successfully\\n\\nApplication number : 453563729\\n\\nPlease visit bank with application number for account approval\\n\\nHint: From staff login, approve application'undefined\n                      ","statusTrace":"AssertionError: Not equal: expected 'Application submitted successfully\\n\\…' to include 'Submitted successfully'\n                    at Context.<anonymous> (E:\\Software testing\\TestYantra\\Java Script\\WebDriverIO\\test\\specs\\openandApproveAccount.js:38:37)\n                    at process.processTicksAndRejections (node:internal/process/task_queues:95:5)","flaky":false,"newFailed":false,"newBroken":false,"newPassed":false,"retriesCount":0,"retriesStatusChange":false,"beforeStages":[],"testStage":{"status":"failed","statusMessage":"Not equal: expected 'Application submitted successfully\\n\\…' to include 'Submitted successfully'      \n                      actual expected\n                      \n                      'Application submitted successfully\\n\\nApplication number : 453563729\\n\\nPlease visit bank with application number for account approval\\n\\nHint: From staff login, approve application'undefined\n                      ","statusTrace":"AssertionError: Not equal: expected 'Application submitted successfully\\n\\…' to include 'Submitted successfully'\n                    at Context.<anonymous> (E:\\Software testing\\TestYantra\\Java Script\\WebDriverIO\\test\\specs\\openandApproveAccount.js:38:37)\n                    at process.processTicksAndRejections (node:internal/process/task_queues:95:5)","steps":[],"attachments":[{"uid":"999bf332f56e898f","name":"Screenshot","source":"999bf332f56e898f.png","type":"image/png","size":653430}],"parameters":[],"attachmentsCount":1,"shouldDisplayMessage":true,"hasContent":true,"stepsCount":0},"afterStages":[],"labels":[{"name":"framework","value":"wdio"},{"name":"language","value":"javascript"},{"name":"thread","value":"0-0"},{"name":"suite","value":"Creating account and approving the account and validating in active customer page"},{"name":"testClass","value":"Creating account and approving the account and validating in active customer page"},{"name":"testMethod","value":"Filling open Account details"},{"name":"package","value":"Creating account and approving the account and validating in active customer page"},{"name":"resultFormat","value":"allure1"}],"parameters":[{"name":"browser","value":"chrome-106.0.5249.119"}],"links":[],"hidden":true,"retry":true,"extra":{"categories":[],"tags":[]},"source":"2916821cae16b385.json","parameterValues":["chrome-106.0.5249.119"]}