{"uid":"a2b53b14a894a824","name":"Filling open Account details","fullName":"Creating account and approving the account and validating in active customer page.Filling open Account details","historyId":"4ad1b8aec5a6066497acb98aada131f5","time":{"start":1666348573035,"stop":1666348575751,"duration":2716},"description":"","descriptionHtml":"","status":"failed","statusMessage":"Not equal: expected 'Application submitted successfully\\n\\…' to include 'Submitted successfully'      \n                      actual expected\n                      \n                      'Application submitted successfully\\n\\nApplication number : 262979272\\n\\nPlease visit bank with application number for account approval\\n\\nHint: From staff login, approve application'undefined\n                      ","statusTrace":"AssertionError: Not equal: expected 'Application submitted successfully\\n\\…' to include 'Submitted successfully'\n                    at Context.<anonymous> (E:\\Software testing\\TestYantra\\Java Script\\WebDriverIO\\test\\specs\\openandApproveAccount.js:38:37)\n                    at process.processTicksAndRejections (node:internal/process/task_queues:95:5)","flaky":false,"newFailed":false,"newBroken":false,"newPassed":false,"retriesCount":3,"retriesStatusChange":true,"beforeStages":[],"testStage":{"status":"failed","statusMessage":"Not equal: expected 'Application submitted successfully\\n\\…' to include 'Submitted successfully'      \n                      actual expected\n                      \n                      'Application submitted successfully\\n\\nApplication number : 262979272\\n\\nPlease visit bank with application number for account approval\\n\\nHint: From staff login, approve application'undefined\n                      ","statusTrace":"AssertionError: Not equal: expected 'Application submitted successfully\\n\\…' to include 'Submitted successfully'\n                    at Context.<anonymous> (E:\\Software testing\\TestYantra\\Java Script\\WebDriverIO\\test\\specs\\openandApproveAccount.js:38:37)\n                    at process.processTicksAndRejections (node:internal/process/task_queues:95:5)","steps":[],"attachments":[{"uid":"c63535e6d9d3b6f9","name":"Screenshot","source":"c63535e6d9d3b6f9.png","type":"image/png","size":345750}],"parameters":[],"attachmentsCount":1,"shouldDisplayMessage":true,"hasContent":true,"stepsCount":0},"afterStages":[],"labels":[{"name":"framework","value":"wdio"},{"name":"language","value":"javascript"},{"name":"thread","value":"0-0"},{"name":"suite","value":"Creating account and approving the account and validating in active customer page"},{"name":"testClass","value":"Creating account and approving the account and validating in active customer page"},{"name":"testMethod","value":"Filling open Account details"},{"name":"package","value":"Creating account and approving the account and validating in active customer page"},{"name":"resultFormat","value":"allure1"}],"parameters":[{"name":"browser","value":"chrome-106.0.5249.119"}],"links":[],"hidden":false,"retry":false,"extra":{"severity":"normal","retries":[{"uid":"2916821cae16b385","status":"failed","statusDetails":"Not equal: expected 'Application submitted successfully\\n\\…' to include 'Submitted successfully'      \n                      actual expected\n                      \n                      'Application submitted successfully\\n\\nApplication number : 453563729\\n\\nPlease visit bank with application number for account approval\\n\\nHint: From staff login, approve application'undefined\n                      ","time":{"start":1666331481854,"stop":1666331484500,"duration":2646}},{"uid":"c9fcc2a78c8d4a28","status":"failed","statusDetails":"Not equal: expected 'Application submitted successfully\\n\\…' to include 'fghfg'      \n                      actual expected\n                      \n                      'Application submitted successfully\\n\\nApplication number : 575041058\\n\\nPlease visit bank with application number for account approval\\n\\nHint: From staff login, approve application'undefined\n                      ","time":{"start":1666331369454,"stop":1666331372184,"duration":2730}},{"uid":"a02dda0e1d4da8c4","status":"passed","time":{"start":1666331273121,"stop":1666331275331,"duration":2210}}],"categories":[{"name":"Product defects","matchedStatuses":[],"flaky":false}],"tags":[]},"source":"a2b53b14a894a824.json","parameterValues":["chrome-106.0.5249.119"]}